  main_8_1.cpp
D:\uzytkownicy\deversaristratum (ja)\pulpit\dobro konieczne\nauka (studia)\semestr 5\grafika komputerowa\cwiczenia\projekt cz.2\grk-projekt\cw 8\src\main_8_1.cpp(185,42): warning C4305: 'argument': truncation from 'double' to 'float'
D:\uzytkownicy\deversaristratum (ja)\pulpit\dobro konieczne\nauka (studia)\semestr 5\grafika komputerowa\cwiczenia\projekt cz.2\grk-projekt\cw 8\src\main_8_1.cpp(350,66): warning C4305: 'argument': truncation from 'double' to 'physx::PxReal'
D:\uzytkownicy\deversaristratum (ja)\pulpit\dobro konieczne\nauka (studia)\semestr 5\grafika komputerowa\cwiczenia\projekt cz.2\grk-projekt\cw 8\src\main_8_1.cpp(412,13): warning C4244: '=': conversion from 'int' to 'float', possible loss of data
D:\uzytkownicy\deversaristratum (ja)\pulpit\dobro konieczne\nauka (studia)\semestr 5\grafika komputerowa\cwiczenia\projekt cz.2\grk-projekt\cw 8\src\main_8_1.cpp(413,13): warning C4244: '=': conversion from 'int' to 'float', possible loss of data
D:\uzytkownicy\deversaristratum (ja)\pulpit\dobro konieczne\nauka (studia)\semestr 5\grafika komputerowa\cwiczenia\projekt cz.2\grk-projekt\cw 8\src\main_8_1.cpp(449,23): warning C4018: '<': signed/unsigned mismatch
D:\uzytkownicy\deversaristratum (ja)\pulpit\dobro konieczne\nauka (studia)\semestr 5\grafika komputerowa\cwiczenia\projekt cz.2\grk-projekt\cw 8\src\main_8_1.cpp(451,91): warning C4244: 'argument': conversion from 'glm::tvec3<float,glm::packed_highp>::length_type' to '_Ty', possible loss of data
          with
          [
              _Ty=float
          ]
D:\uzytkownicy\deversaristratum (ja)\pulpit\dobro konieczne\nauka (studia)\semestr 5\grafika komputerowa\cwiczenia\projekt cz.2\grk-projekt\cw 8\src\main_8_1.cpp(555,63): warning C4305: 'argument': truncation from 'double' to 'float'
D:\uzytkownicy\deversaristratum (ja)\pulpit\dobro konieczne\nauka (studia)\semestr 5\grafika komputerowa\cwiczenia\projekt cz.2\grk-projekt\cw 8\src\main_8_1.cpp(583,42): warning C4244: 'argument': conversion from 'double' to 'float', possible loss of data
D:\uzytkownicy\deversaristratum (ja)\pulpit\dobro konieczne\nauka (studia)\semestr 5\grafika komputerowa\cwiczenia\projekt cz.2\grk-projekt\cw 8\src\main_8_1.cpp(653,28): warning C4244: '-=': conversion from 'double' to 'float', possible loss of data
D:\uzytkownicy\deversaristratum (ja)\pulpit\dobro konieczne\nauka (studia)\semestr 5\grafika komputerowa\cwiczenia\projekt cz.2\grk-projekt\cw 8\src\main_8_1.cpp(764,15): warning C4244: 'argument': conversion from 'time_t' to 'unsigned int', possible loss of data
D:\uzytkownicy\deversaristratum (ja)\pulpit\dobro konieczne\nauka (studia)\semestr 5\grafika komputerowa\cwiczenia\projekt cz.2\grk-projekt\cw 8\src\main_8_1.cpp(897,10): warning C4996: 'fopen': This function or variable may be unsafe. Consider using fopen_s instead. To disable deprecation, use _CRT_SECURE_NO_WARNINGS. See online help for details.
Camera.obj : warning LNK4075: ignoring '/EDITANDCONTINUE' due to '/INCREMENTAL:NO' specification
PhysXExtensions_static_32.lib(ExtCpuWorkerThread.obj) : warning LNK4099: PDB 'PhysXExtensions_static_32.pdb' was not found with 'PhysXExtensions_static_32.lib(ExtCpuWorkerThread.obj)' or at 'D:\uzytkownicy\deversaristratum (ja)\pulpit\dobro konieczne\nauka (studia)\semestr 5\grafika komputerowa\cwiczenia\projekt cz.2\grk-projekt\Debug\PhysXExtensions_static_32.pdb'; linking object as if no debug info
PhysXExtensions_static_32.lib(ExtDefaultCpuDispatcher.obj) : warning LNK4099: PDB 'PhysXExtensions_static_32.pdb' was not found with 'PhysXExtensions_static_32.lib(ExtDefaultCpuDispatcher.obj)' or at 'D:\uzytkownicy\deversaristratum (ja)\pulpit\dobro konieczne\nauka (studia)\semestr 5\grafika komputerowa\cwiczenia\projekt cz.2\grk-projekt\Debug\PhysXExtensions_static_32.pdb'; linking object as if no debug info
PhysXExtensions_static_32.lib(ExtDefaultErrorCallback.obj) : warning LNK4099: PDB 'PhysXExtensions_static_32.pdb' was not found with 'PhysXExtensions_static_32.lib(ExtDefaultErrorCallback.obj)' or at 'D:\uzytkownicy\deversaristratum (ja)\pulpit\dobro konieczne\nauka (studia)\semestr 5\grafika komputerowa\cwiczenia\projekt cz.2\grk-projekt\Debug\PhysXExtensions_static_32.pdb'; linking object as if no debug info
PhysXExtensions_static_32.lib(ExtDefaultSimulationFilterShader.obj) : warning LNK4099: PDB 'PhysXExtensions_static_32.pdb' was not found with 'PhysXExtensions_static_32.lib(ExtDefaultSimulationFilterShader.obj)' or at 'D:\uzytkownicy\deversaristratum (ja)\pulpit\dobro konieczne\nauka (studia)\semestr 5\grafika komputerowa\cwiczenia\projekt cz.2\grk-projekt\Debug\PhysXExtensions_static_32.pdb'; linking object as if no debug info
  grk-cw8.vcxproj -> D:\uzytkownicy\deversaristratum (ja)\pulpit\dobro konieczne\nauka (studia)\semestr 5\grafika komputerowa\cwiczenia\projekt cz.2\grk-projekt\Debug\grk-cw8.exe
