  Camera.cpp
  main_8_1.cpp
C:\Users\ja\Desktop\y\grk-uboot-project\cw 8\src\main_8_1.cpp(185,42): warning C4305: 'argument': truncation from 'double' to 'float'
C:\Users\ja\Desktop\y\grk-uboot-project\cw 8\src\main_8_1.cpp(350,66): warning C4305: 'argument': truncation from 'double' to 'physx::PxReal'
C:\Users\ja\Desktop\y\grk-uboot-project\cw 8\src\main_8_1.cpp(412,13): warning C4244: '=': conversion from 'int' to 'float', possible loss of data
C:\Users\ja\Desktop\y\grk-uboot-project\cw 8\src\main_8_1.cpp(413,13): warning C4244: '=': conversion from 'int' to 'float', possible loss of data
C:\Users\ja\Desktop\y\grk-uboot-project\cw 8\src\main_8_1.cpp(449,23): warning C4018: '<': signed/unsigned mismatch
C:\Users\ja\Desktop\y\grk-uboot-project\cw 8\src\main_8_1.cpp(451,91): warning C4244: 'argument': conversion from 'glm::tvec3<float,glm::packed_highp>::length_type' to '_Ty', possible loss of data
          with
          [
              _Ty=float
          ]
C:\Users\ja\Desktop\y\grk-uboot-project\cw 8\src\main_8_1.cpp(555,63): warning C4305: 'argument': truncation from 'double' to 'float'
C:\Users\ja\Desktop\y\grk-uboot-project\cw 8\src\main_8_1.cpp(583,42): warning C4244: 'argument': conversion from 'double' to 'float', possible loss of data
C:\Users\ja\Desktop\y\grk-uboot-project\cw 8\src\main_8_1.cpp(653,28): warning C4244: '-=': conversion from 'double' to 'float', possible loss of data
C:\Users\ja\Desktop\y\grk-uboot-project\cw 8\src\main_8_1.cpp(764,15): warning C4244: 'argument': conversion from 'time_t' to 'unsigned int', possible loss of data
C:\Users\ja\Desktop\y\grk-uboot-project\cw 8\src\main_8_1.cpp(897,10): warning C4996: 'fopen': This function or variable may be unsafe. Consider using fopen_s instead. To disable deprecation, use _CRT_SECURE_NO_WARNINGS. See online help for details.
  Physics.cpp
  Render_Utils.cpp
  Shader_Loader.cpp
  Texture.cpp
  Generating Code...
  image_DXT.c
C:\Users\ja\Desktop\y\grk-uboot-project\cw 8\src\SOIL\image_DXT.c(92,9): warning C4996: 'fopen': This function or variable may be unsafe. Consider using fopen_s instead. To disable deprecation, use _CRT_SECURE_NO_WARNINGS. See online help for details.
  image_helper.c
C:\Users\ja\Desktop\y\grk-uboot-project\cw 8\src\SOIL\image_helper.c(325,1): warning C4244: 'initializing': conversion from 'double' to 'float', possible loss of data
C:\Users\ja\Desktop\y\grk-uboot-project\cw 8\src\SOIL\image_helper.c(366,58): warning C4244: '=': conversion from 'double' to 'float', possible loss of data
C:\Users\ja\Desktop\y\grk-uboot-project\cw 8\src\SOIL\image_helper.c(373,46): warning C4244: '=': conversion from 'float' to 'int', possible loss of data
C:\Users\ja\Desktop\y\grk-uboot-project\cw 8\src\SOIL\image_helper.c(415,58): warning C4244: '=': conversion from 'double' to 'float', possible loss of data
C:\Users\ja\Desktop\y\grk-uboot-project\cw 8\src\SOIL\image_helper.c(422,62): warning C4244: '=': conversion from 'float' to 'int', possible loss of data
  SOIL.c
C:\Users\ja\Desktop\y\grk-uboot-project\cw 8\src\SOIL\SOIL.c(1719,36): warning C4018: '<=': signed/unsigned mismatch
C:\Users\ja\Desktop\y\grk-uboot-project\cw 8\src\SOIL\SOIL.c(1729,19): warning C4018: '<': signed/unsigned mismatch
C:\Users\ja\Desktop\y\grk-uboot-project\cw 8\src\SOIL\SOIL.c(1841,6): warning C4996: 'fopen': This function or variable may be unsafe. Consider using fopen_s instead. To disable deprecation, use _CRT_SECURE_NO_WARNINGS. See online help for details.
  stb_image_aug.c
C:\Users\ja\Desktop\y\grk-uboot-project\cw 8\src\SOIL\stb_image_aug.c(177,14): warning C4996: 'fopen': This function or variable may be unsafe. Consider using fopen_s instead. To disable deprecation, use _CRT_SECURE_NO_WARNINGS. See online help for details.
C:\Users\ja\Desktop\y\grk-uboot-project\cw 8\src\SOIL\stb_image_aug.c(251,14): warning C4996: 'fopen': This function or variable may be unsafe. Consider using fopen_s instead. To disable deprecation, use _CRT_SECURE_NO_WARNINGS. See online help for details.
C:\Users\ja\Desktop\y\grk-uboot-project\cw 8\src\SOIL\stb_image_aug.c(303,14): warning C4996: 'fopen': This function or variable may be unsafe. Consider using fopen_s instead. To disable deprecation, use _CRT_SECURE_NO_WARNINGS. See online help for details.
C:\Users\ja\Desktop\y\grk-uboot-project\cw 8\src\SOIL\stb_image_aug.c(1557,14): warning C4996: 'fopen': This function or variable may be unsafe. Consider using fopen_s instead. To disable deprecation, use _CRT_SECURE_NO_WARNINGS. See online help for details.
C:\Users\ja\Desktop\y\grk-uboot-project\cw 8\src\SOIL\stb_image_aug.c(2394,14): warning C4996: 'fopen': This function or variable may be unsafe. Consider using fopen_s instead. To disable deprecation, use _CRT_SECURE_NO_WARNINGS. See online help for details.
C:\Users\ja\Desktop\y\grk-uboot-project\cw 8\src\SOIL\stb_image_aug.c(2709,14): warning C4996: 'fopen': This function or variable may be unsafe. Consider using fopen_s instead. To disable deprecation, use _CRT_SECURE_NO_WARNINGS. See online help for details.
C:\Users\ja\Desktop\y\grk-uboot-project\cw 8\src\SOIL\stb_image_aug.c(2995,14): warning C4996: 'fopen': This function or variable may be unsafe. Consider using fopen_s instead. To disable deprecation, use _CRT_SECURE_NO_WARNINGS. See online help for details.
C:\Users\ja\Desktop\y\grk-uboot-project\cw 8\src\SOIL\stb_image_aug.c(3209,14): warning C4996: 'fopen': This function or variable may be unsafe. Consider using fopen_s instead. To disable deprecation, use _CRT_SECURE_NO_WARNINGS. See online help for details.
C:\Users\ja\Desktop\y\grk-uboot-project\cw 8\src\SOIL\stb_image_aug.c(3548,14): warning C4996: 'fopen': This function or variable may be unsafe. Consider using fopen_s instead. To disable deprecation, use _CRT_SECURE_NO_WARNINGS. See online help for details.
C:\Users\ja\Desktop\y\grk-uboot-project\cw 8\src\SOIL\stb_image_aug.c(3644,14): warning C4996: 'fopen': This function or variable may be unsafe. Consider using fopen_s instead. To disable deprecation, use _CRT_SECURE_NO_WARNINGS. See online help for details.
C:\Users\ja\Desktop\y\grk-uboot-project\cw 8\src\SOIL\stbi_DDS_aug_c.h(362,19): warning C4018: '>': signed/unsigned mismatch
C:\Users\ja\Desktop\y\grk-uboot-project\cw 8\src\SOIL\stbi_DDS_aug_c.h(366,19): warning C4018: '>': signed/unsigned mismatch
C:\Users\ja\Desktop\y\grk-uboot-project\cw 8\src\SOIL\stbi_DDS_aug_c.h(390,19): warning C4018: '<': signed/unsigned mismatch
C:\Users\ja\Desktop\y\grk-uboot-project\cw 8\src\SOIL\stbi_DDS_aug_c.h(427,19): warning C4018: '<': signed/unsigned mismatch
C:\Users\ja\Desktop\y\grk-uboot-project\cw 8\src\SOIL\stbi_DDS_aug_c.h(498,14): warning C4996: 'fopen': This function or variable may be unsafe. Consider using fopen_s instead. To disable deprecation, use _CRT_SECURE_NO_WARNINGS. See online help for details.
  Generating Code...
Camera.obj : warning LNK4075: ignoring '/EDITANDCONTINUE' due to '/INCREMENTAL:NO' specification
PhysXExtensions_static_32.lib(ExtCpuWorkerThread.obj) : warning LNK4099: PDB 'PhysXExtensions_static_32.pdb' was not found with 'PhysXExtensions_static_32.lib(ExtCpuWorkerThread.obj)' or at 'C:\Users\ja\Desktop\y\grk-uboot-project\Debug\PhysXExtensions_static_32.pdb'; linking object as if no debug info
PhysXExtensions_static_32.lib(ExtDefaultCpuDispatcher.obj) : warning LNK4099: PDB 'PhysXExtensions_static_32.pdb' was not found with 'PhysXExtensions_static_32.lib(ExtDefaultCpuDispatcher.obj)' or at 'C:\Users\ja\Desktop\y\grk-uboot-project\Debug\PhysXExtensions_static_32.pdb'; linking object as if no debug info
PhysXExtensions_static_32.lib(ExtDefaultErrorCallback.obj) : warning LNK4099: PDB 'PhysXExtensions_static_32.pdb' was not found with 'PhysXExtensions_static_32.lib(ExtDefaultErrorCallback.obj)' or at 'C:\Users\ja\Desktop\y\grk-uboot-project\Debug\PhysXExtensions_static_32.pdb'; linking object as if no debug info
PhysXExtensions_static_32.lib(ExtDefaultSimulationFilterShader.obj) : warning LNK4099: PDB 'PhysXExtensions_static_32.pdb' was not found with 'PhysXExtensions_static_32.lib(ExtDefaultSimulationFilterShader.obj)' or at 'C:\Users\ja\Desktop\y\grk-uboot-project\Debug\PhysXExtensions_static_32.pdb'; linking object as if no debug info
  grk-cw8.vcxproj -> C:\Users\ja\Desktop\y\grk-uboot-project\Debug\grk-cw8.exe
